<?xml version="1.0" encoding="UTF-8"?>
<!-- Generated by org.testng.reporters.JUnitReportReporter -->
<testsuite hostname="Adarsh-PC" failures="0" tests="1" name="com.inetBanking.testCases.TC_LoginTest_001" time="200.516" errors="0" timestamp="2023-12-29T17:49:17 IST" skipped="0">
  <testcase classname="com.inetBanking.testCases.TC_LoginTest_001" name="loginTest" time="200.516"/>
</testsuite> <!-- com.inetBanking.testCases.TC_LoginTest_001 -->
